-------------------------------------------------------------------------------
Test set: runners.TestRunner
-------------------------------------------------------------------------------
Tests run: 3, Failures: 0, Errors: 3, Skipped: 0, Time elapsed: 30.92 s <<< FAILURE! -- in runners.TestRunner
Contact Page Verification.Verify elements on the Contact page -- Time elapsed: 13.69 s <<< ERROR!
org.openqa.selenium.TimeoutException: 
Expected condition failed: waiting for visibility of element located by By.xpath: //h1[contains(text(), 'Contact Us')] (tried for 10 second(s) with 500 milliseconds interval)
Build info: version: '4.19.0', revision: '5f9cec8963'
System info: os.name: 'Mac OS X', os.arch: 'aarch64', os.version: '13.2.1', java.version: '21.0.2'
Driver info: org.openqa.selenium.chrome.ChromeDriver
Capabilities {acceptInsecureCerts: false, browserName: chrome, browserVersion: 133.0.6943.127, chrome: {chromedriverVersion: 133.0.6943.141 (2a5d6da0d61..., userDataDir: /var/folders/l5/1xk9b3914jq...}, fedcm:accounts: true, goog:chromeOptions: {debuggerAddress: localhost:58076}, networkConnectionEnabled: false, pageLoadStrategy: normal, platformName: mac, proxy: Proxy(), se:cdp: ws://localhost:58076/devtoo..., se:cdpVersion: 133.0.6943.127, setWindowRect: true, strictFileInteractability: false, timeouts: {implicit: 0, pageLoad: 300000, script: 30000}, unhandledPromptBehavior: dismiss and notify, webauthn:extension:credBlob: true, webauthn:extension:largeBlob: true, webauthn:extension:minPinLength: true, webauthn:extension:prf: true, webauthn:virtualAuthenticators: true}
Session ID: 0bd6a170bdaddebff66df422b48929a5
	at org.openqa.selenium.support.ui.WebDriverWait.timeoutException(WebDriverWait.java:84)
	at org.openqa.selenium.support.ui.FluentWait.until(FluentWait.java:228)
	at pages.ContactsPage.isPageTitleDisplayed(ContactsPage.java:29)
	at stepDefinitions.ContactSteps.the_page_title_should_be_displayed(ContactSteps.java:19)
	at ✽.The page title should be displayed(file:///Users/numanhan/Desktop/btcbitUiAutomation/btcbitUIAutomation/src/test/resources/features/contacts.feature:4)

Login.User navigates to the login page and logs in -- Time elapsed: 6.653 s <<< ERROR!
java.lang.IllegalArgumentException: 
Verify your account for making transactions
Verify
	at dev.failsafe.internal.util.Assert.isTrue(Assert.java:29)
	at pages.LoginPage.successfullLogin(LoginPage.java:48)
	at stepDefinitions.LoginSteps.verify_successful_login(LoginSteps.java:32)
	at ✽.User verifies page text(file:///Users/numanhan/Desktop/btcbitUiAutomation/btcbitUIAutomation/src/test/resources/features/login.feature:7)

Registration.User navigates to the registration page -- Time elapsed: 10.26 s <<< ERROR!
org.openqa.selenium.NoSuchElementException: 
no such element: Unable to locate element: {"method":"xpath","selector":"//a[contains(@class, 'header_signup__hsltv')]"}
  (Session info: chrome=133.0.6943.127)
For documentation on this error, please visit: https://www.selenium.dev/documentation/webdriver/troubleshooting/errors#no-such-element-exception
Build info: version: '4.19.0', revision: '5f9cec8963'
System info: os.name: 'Mac OS X', os.arch: 'aarch64', os.version: '13.2.1', java.version: '21.0.2'
Driver info: org.openqa.selenium.chrome.ChromeDriver
Command: [0bd6a170bdaddebff66df422b48929a5, findElement {using=xpath, value=//a[contains(@class, 'header_signup__hsltv')]}]
Capabilities {acceptInsecureCerts: false, browserName: chrome, browserVersion: 133.0.6943.127, chrome: {chromedriverVersion: 133.0.6943.141 (2a5d6da0d61..., userDataDir: /var/folders/l5/1xk9b3914jq...}, fedcm:accounts: true, goog:chromeOptions: {debuggerAddress: localhost:58076}, networkConnectionEnabled: false, pageLoadStrategy: normal, platformName: mac, proxy: Proxy(), se:cdp: ws://localhost:58076/devtoo..., se:cdpVersion: 133.0.6943.127, setWindowRect: true, strictFileInteractability: false, timeouts: {implicit: 0, pageLoad: 300000, script: 30000}, unhandledPromptBehavior: dismiss and notify, webauthn:extension:credBlob: true, webauthn:extension:largeBlob: true, webauthn:extension:minPinLength: true, webauthn:extension:prf: true, webauthn:virtualAuthenticators: true}
Session ID: 0bd6a170bdaddebff66df422b48929a5
	at java.base/jdk.internal.reflect.DirectConstructorHandleAccessor.newInstance(DirectConstructorHandleAccessor.java:62)
	at java.base/java.lang.reflect.Constructor.newInstanceWithCaller(Constructor.java:502)
	at java.base/java.lang.reflect.Constructor.newInstance(Constructor.java:486)
	at org.openqa.selenium.remote.ErrorCodec.decode(ErrorCodec.java:167)
	at org.openqa.selenium.remote.codec.w3c.W3CHttpResponseCodec.decode(W3CHttpResponseCodec.java:138)
	at org.openqa.selenium.remote.codec.w3c.W3CHttpResponseCodec.decode(W3CHttpResponseCodec.java:50)
	at org.openqa.selenium.remote.HttpCommandExecutor.execute(HttpCommandExecutor.java:190)
	at org.openqa.selenium.remote.service.DriverCommandExecutor.invokeExecute(DriverCommandExecutor.java:216)
	at org.openqa.selenium.remote.service.DriverCommandExecutor.execute(DriverCommandExecutor.java:174)
	at org.openqa.selenium.remote.RemoteWebDriver.execute(RemoteWebDriver.java:518)
	at org.openqa.selenium.remote.ElementLocation$ElementFinder$2.findElement(ElementLocation.java:165)
	at org.openqa.selenium.remote.ElementLocation.findElement(ElementLocation.java:59)
	at org.openqa.selenium.remote.RemoteWebDriver.findElement(RemoteWebDriver.java:355)
	at org.openqa.selenium.remote.RemoteWebDriver.findElement(RemoteWebDriver.java:349)
	at pages.RegistrationPage.clickGetStarted(RegistrationPage.java:23)
	at stepDefinitions.RegistrationSteps.the_user_clicks_on_the_button(RegistrationSteps.java:18)
	at ✽.The user clicks on the "Get Started" button(file:///Users/numanhan/Desktop/btcbitUiAutomation/btcbitUIAutomation/src/test/resources/features/registration.feature:4)

