<?xml version="1.0" encoding="UTF-8"?>
<testsuite xmlns:xsi="http://www.w3.org/2001/XMLSchema-instance" xsi:noNamespaceSchemaLocation="https://maven.apache.org/surefire/maven-surefire-plugin/xsd/surefire-test-report-3.0.xsd" version="3.0" name="runners.TestRunner" time="30.915" tests="3" errors="3" skipped="0" failures="0">
  <properties>
    <property name="java.specification.version" value="21"/>
    <property name="sun.jnu.encoding" value="UTF-8"/>
    <property name="java.class.path" value="/Users/numanhan/Desktop/btcbitUiAutomation/btcbitUIAutomation/target/test-classes:/Users/numanhan/Desktop/btcbitUiAutomation/btcbitUIAutomation/target/classes:/Users/numanhan/.m2/repository/org/seleniumhq/selenium/selenium-java/4.19.0/selenium-java-4.19.0.jar:/Users/numanhan/.m2/repository/org/seleniumhq/selenium/selenium-api/4.19.0/selenium-api-4.19.0.jar:/Users/numanhan/.m2/repository/org/seleniumhq/selenium/selenium-chrome-driver/4.19.0/selenium-chrome-driver-4.19.0.jar:/Users/numanhan/.m2/repository/com/google/auto/service/auto-service-annotations/1.1.1/auto-service-annotations-1.1.1.jar:/Users/numanhan/.m2/repository/org/seleniumhq/selenium/selenium-chromium-driver/4.19.0/selenium-chromium-driver-4.19.0.jar:/Users/numanhan/.m2/repository/org/seleniumhq/selenium/selenium-json/4.19.0/selenium-json-4.19.0.jar:/Users/numanhan/.m2/repository/org/seleniumhq/selenium/selenium-manager/4.19.0/selenium-manager-4.19.0.jar:/Users/numanhan/.m2/repository/org/seleniumhq/selenium/selenium-devtools-v121/4.19.0/selenium-devtools-v121-4.19.0.jar:/Users/numanhan/.m2/repository/org/seleniumhq/selenium/selenium-devtools-v122/4.19.0/selenium-devtools-v122-4.19.0.jar:/Users/numanhan/.m2/repository/org/seleniumhq/selenium/selenium-devtools-v123/4.19.0/selenium-devtools-v123-4.19.0.jar:/Users/numanhan/.m2/repository/org/seleniumhq/selenium/selenium-devtools-v85/4.19.0/selenium-devtools-v85-4.19.0.jar:/Users/numanhan/.m2/repository/org/seleniumhq/selenium/selenium-edge-driver/4.19.0/selenium-edge-driver-4.19.0.jar:/Users/numanhan/.m2/repository/org/seleniumhq/selenium/selenium-firefox-driver/4.19.0/selenium-firefox-driver-4.19.0.jar:/Users/numanhan/.m2/repository/org/seleniumhq/selenium/selenium-http/4.19.0/selenium-http-4.19.0.jar:/Users/numanhan/.m2/repository/dev/failsafe/failsafe/3.3.2/failsafe-3.3.2.jar:/Users/numanhan/.m2/repository/org/seleniumhq/selenium/selenium-ie-driver/4.19.0/selenium-ie-driver-4.19.0.jar:/Users/numanhan/.m2/repository/org/seleniumhq/selenium/selenium-remote-driver/4.19.0/selenium-remote-driver-4.19.0.jar:/Users/numanhan/.m2/repository/com/google/guava/guava/33.1.0-jre/guava-33.1.0-jre.jar:/Users/numanhan/.m2/repository/com/google/guava/failureaccess/1.0.2/failureaccess-1.0.2.jar:/Users/numanhan/.m2/repository/com/google/guava/listenablefuture/9999.0-empty-to-avoid-conflict-with-guava/listenablefuture-9999.0-empty-to-avoid-conflict-with-guava.jar:/Users/numanhan/.m2/repository/com/google/code/findbugs/jsr305/3.0.2/jsr305-3.0.2.jar:/Users/numanhan/.m2/repository/org/checkerframework/checker-qual/3.42.0/checker-qual-3.42.0.jar:/Users/numanhan/.m2/repository/com/google/errorprone/error_prone_annotations/2.26.1/error_prone_annotations-2.26.1.jar:/Users/numanhan/.m2/repository/com/google/j2objc/j2objc-annotations/3.0.0/j2objc-annotations-3.0.0.jar:/Users/numanhan/.m2/repository/io/opentelemetry/semconv/opentelemetry-semconv/1.23.1-alpha/opentelemetry-semconv-1.23.1-alpha.jar:/Users/numanhan/.m2/repository/io/opentelemetry/opentelemetry-api/1.36.0/opentelemetry-api-1.36.0.jar:/Users/numanhan/.m2/repository/io/opentelemetry/opentelemetry-context/1.36.0/opentelemetry-context-1.36.0.jar:/Users/numanhan/.m2/repository/io/opentelemetry/opentelemetry-exporter-logging/1.36.0/opentelemetry-exporter-logging-1.36.0.jar:/Users/numanhan/.m2/repository/io/opentelemetry/opentelemetry-sdk-common/1.36.0/opentelemetry-sdk-common-1.36.0.jar:/Users/numanhan/.m2/repository/io/opentelemetry/opentelemetry-sdk-extension-autoconfigure-spi/1.36.0/opentelemetry-sdk-extension-autoconfigure-spi-1.36.0.jar:/Users/numanhan/.m2/repository/io/opentelemetry/opentelemetry-sdk-extension-autoconfigure/1.36.0/opentelemetry-sdk-extension-autoconfigure-1.36.0.jar:/Users/numanhan/.m2/repository/io/opentelemetry/opentelemetry-api-events/1.36.0-alpha/opentelemetry-api-events-1.36.0-alpha.jar:/Users/numanhan/.m2/repository/io/opentelemetry/opentelemetry-sdk-trace/1.36.0/opentelemetry-sdk-trace-1.36.0.jar:/Users/numanhan/.m2/repository/io/opentelemetry/opentelemetry-extension-incubator/1.36.0-alpha/opentelemetry-extension-incubator-1.36.0-alpha.jar:/Users/numanhan/.m2/repository/io/opentelemetry/opentelemetry-sdk/1.36.0/opentelemetry-sdk-1.36.0.jar:/Users/numanhan/.m2/repository/io/opentelemetry/opentelemetry-sdk-metrics/1.36.0/opentelemetry-sdk-metrics-1.36.0.jar:/Users/numanhan/.m2/repository/io/opentelemetry/opentelemetry-sdk-logs/1.36.0/opentelemetry-sdk-logs-1.36.0.jar:/Users/numanhan/.m2/repository/net/bytebuddy/byte-buddy/1.14.12/byte-buddy-1.14.12.jar:/Users/numanhan/.m2/repository/org/seleniumhq/selenium/selenium-os/4.19.0/selenium-os-4.19.0.jar:/Users/numanhan/.m2/repository/org/apache/commons/commons-exec/1.3/commons-exec-1.3.jar:/Users/numanhan/.m2/repository/org/seleniumhq/selenium/selenium-safari-driver/4.19.0/selenium-safari-driver-4.19.0.jar:/Users/numanhan/.m2/repository/org/seleniumhq/selenium/selenium-support/4.19.0/selenium-support-4.19.0.jar:/Users/numanhan/.m2/repository/io/github/bonigarcia/webdrivermanager/5.8.0/webdrivermanager-5.8.0.jar:/Users/numanhan/.m2/repository/org/slf4j/slf4j-api/2.0.12/slf4j-api-2.0.12.jar:/Users/numanhan/.m2/repository/com/google/code/gson/gson/2.10.1/gson-2.10.1.jar:/Users/numanhan/.m2/repository/com/github/docker-java/docker-java/3.3.6/docker-java-3.3.6.jar:/Users/numanhan/.m2/repository/com/github/docker-java/docker-java-core/3.3.6/docker-java-core-3.3.6.jar:/Users/numanhan/.m2/repository/com/github/docker-java/docker-java-api/3.3.6/docker-java-api-3.3.6.jar:/Users/numanhan/.m2/repository/com/fasterxml/jackson/core/jackson-annotations/2.10.3/jackson-annotations-2.10.3.jar:/Users/numanhan/.m2/repository/com/fasterxml/jackson/core/jackson-databind/2.10.3/jackson-databind-2.10.3.jar:/Users/numanhan/.m2/repository/com/fasterxml/jackson/core/jackson-core/2.10.3/jackson-core-2.10.3.jar:/Users/numanhan/.m2/repository/org/bouncycastle/bcpkix-jdk18on/1.76/bcpkix-jdk18on-1.76.jar:/Users/numanhan/.m2/repository/org/bouncycastle/bcprov-jdk18on/1.76/bcprov-jdk18on-1.76.jar:/Users/numanhan/.m2/repository/org/bouncycastle/bcutil-jdk18on/1.76/bcutil-jdk18on-1.76.jar:/Users/numanhan/.m2/repository/org/slf4j/jcl-over-slf4j/1.7.30/jcl-over-slf4j-1.7.30.jar:/Users/numanhan/.m2/repository/com/github/docker-java/docker-java-transport-httpclient5/3.3.6/docker-java-transport-httpclient5-3.3.6.jar:/Users/numanhan/.m2/repository/com/github/docker-java/docker-java-transport/3.3.6/docker-java-transport-3.3.6.jar:/Users/numanhan/.m2/repository/net/java/dev/jna/jna/5.13.0/jna-5.13.0.jar:/Users/numanhan/.m2/repository/org/brotli/dec/0.1.2/dec-0.1.2.jar:/Users/numanhan/.m2/repository/org/apache/commons/commons-lang3/3.14.0/commons-lang3-3.14.0.jar:/Users/numanhan/.m2/repository/org/apache/commons/commons-compress/1.26.1/commons-compress-1.26.1.jar:/Users/numanhan/.m2/repository/commons-codec/commons-codec/1.16.1/commons-codec-1.16.1.jar:/Users/numanhan/.m2/repository/commons-io/commons-io/2.15.1/commons-io-2.15.1.jar:/Users/numanhan/.m2/repository/org/apache/httpcomponents/client5/httpclient5/5.2.1/httpclient5-5.2.1.jar:/Users/numanhan/.m2/repository/org/apache/httpcomponents/core5/httpcore5/5.2/httpcore5-5.2.jar:/Users/numanhan/.m2/repository/org/apache/httpcomponents/core5/httpcore5-h2/5.2/httpcore5-h2-5.2.jar:/Users/numanhan/.m2/repository/junit/junit/4.13.2/junit-4.13.2.jar:/Users/numanhan/.m2/repository/org/hamcrest/hamcrest-core/1.3/hamcrest-core-1.3.jar:/Users/numanhan/.m2/repository/io/cucumber/cucumber-java/7.14.0/cucumber-java-7.14.0.jar:/Users/numanhan/.m2/repository/org/apiguardian/apiguardian-api/1.1.2/apiguardian-api-1.1.2.jar:/Users/numanhan/.m2/repository/io/cucumber/cucumber-junit/7.14.0/cucumber-junit-7.14.0.jar:/Users/numanhan/.m2/repository/io/cucumber/cucumber-core/7.14.0/cucumber-core-7.14.0.jar:/Users/numanhan/.m2/repository/io/cucumber/cucumber-gherkin/7.14.0/cucumber-gherkin-7.14.0.jar:/Users/numanhan/.m2/repository/io/cucumber/cucumber-gherkin-messages/7.14.0/cucumber-gherkin-messages-7.14.0.jar:/Users/numanhan/.m2/repository/io/cucumber/gherkin/26.2.0/gherkin-26.2.0.jar:/Users/numanhan/.m2/repository/io/cucumber/messages/22.0.0/messages-22.0.0.jar:/Users/numanhan/.m2/repository/io/cucumber/tag-expressions/5.0.6/tag-expressions-5.0.6.jar:/Users/numanhan/.m2/repository/io/cucumber/cucumber-expressions/16.1.2/cucumber-expressions-16.1.2.jar:/Users/numanhan/.m2/repository/io/cucumber/datatable/7.14.0/datatable-7.14.0.jar:/Users/numanhan/.m2/repository/io/cucumber/cucumber-plugin/7.14.0/cucumber-plugin-7.14.0.jar:/Users/numanhan/.m2/repository/io/cucumber/docstring/7.14.0/docstring-7.14.0.jar:/Users/numanhan/.m2/repository/io/cucumber/html-formatter/20.4.0/html-formatter-20.4.0.jar:/Users/numanhan/.m2/repository/io/cucumber/junit-xml-formatter/0.2.0/junit-xml-formatter-0.2.0.jar:/Users/numanhan/.m2/repository/io/cucumber/ci-environment/9.2.0/ci-environment-9.2.0.jar:"/>
    <property name="java.vm.vendor" value="Homebrew"/>
    <property name="sun.arch.data.model" value="64"/>
    <property name="java.vendor.url" value="https://github.com/Homebrew/homebrew-core/issues"/>
    <property name="os.name" value="Mac OS X"/>
    <property name="java.vm.specification.version" value="21"/>
    <property name="sun.java.launcher" value="SUN_STANDARD"/>
    <property name="user.country" value="NL"/>
    <property name="sun.boot.library.path" value="/opt/homebrew/Cellar/openjdk/21.0.2/libexec/openjdk.jdk/Contents/Home/lib"/>
    <property name="sun.java.command" value="/Users/numanhan/Desktop/btcbitUiAutomation/btcbitUIAutomation/target/surefire/surefirebooter-20250226221502086_3.jar /Users/numanhan/Desktop/btcbitUiAutomation/btcbitUIAutomation/target/surefire 2025-02-26T22-15-02_036-jvmRun1 surefire-20250226221502086_1tmp surefire_0-20250226221502086_2tmp"/>
    <property name="http.nonProxyHosts" value="local|*.local|169.254/16|*.169.254/16"/>
    <property name="jdk.debug" value="release"/>
    <property name="surefire.test.class.path" value="/Users/numanhan/Desktop/btcbitUiAutomation/btcbitUIAutomation/target/test-classes:/Users/numanhan/Desktop/btcbitUiAutomation/btcbitUIAutomation/target/classes:/Users/numanhan/.m2/repository/org/seleniumhq/selenium/selenium-java/4.19.0/selenium-java-4.19.0.jar:/Users/numanhan/.m2/repository/org/seleniumhq/selenium/selenium-api/4.19.0/selenium-api-4.19.0.jar:/Users/numanhan/.m2/repository/org/seleniumhq/selenium/selenium-chrome-driver/4.19.0/selenium-chrome-driver-4.19.0.jar:/Users/numanhan/.m2/repository/com/google/auto/service/auto-service-annotations/1.1.1/auto-service-annotations-1.1.1.jar:/Users/numanhan/.m2/repository/org/seleniumhq/selenium/selenium-chromium-driver/4.19.0/selenium-chromium-driver-4.19.0.jar:/Users/numanhan/.m2/repository/org/seleniumhq/selenium/selenium-json/4.19.0/selenium-json-4.19.0.jar:/Users/numanhan/.m2/repository/org/seleniumhq/selenium/selenium-manager/4.19.0/selenium-manager-4.19.0.jar:/Users/numanhan/.m2/repository/org/seleniumhq/selenium/selenium-devtools-v121/4.19.0/selenium-devtools-v121-4.19.0.jar:/Users/numanhan/.m2/repository/org/seleniumhq/selenium/selenium-devtools-v122/4.19.0/selenium-devtools-v122-4.19.0.jar:/Users/numanhan/.m2/repository/org/seleniumhq/selenium/selenium-devtools-v123/4.19.0/selenium-devtools-v123-4.19.0.jar:/Users/numanhan/.m2/repository/org/seleniumhq/selenium/selenium-devtools-v85/4.19.0/selenium-devtools-v85-4.19.0.jar:/Users/numanhan/.m2/repository/org/seleniumhq/selenium/selenium-edge-driver/4.19.0/selenium-edge-driver-4.19.0.jar:/Users/numanhan/.m2/repository/org/seleniumhq/selenium/selenium-firefox-driver/4.19.0/selenium-firefox-driver-4.19.0.jar:/Users/numanhan/.m2/repository/org/seleniumhq/selenium/selenium-http/4.19.0/selenium-http-4.19.0.jar:/Users/numanhan/.m2/repository/dev/failsafe/failsafe/3.3.2/failsafe-3.3.2.jar:/Users/numanhan/.m2/repository/org/seleniumhq/selenium/selenium-ie-driver/4.19.0/selenium-ie-driver-4.19.0.jar:/Users/numanhan/.m2/repository/org/seleniumhq/selenium/selenium-remote-driver/4.19.0/selenium-remote-driver-4.19.0.jar:/Users/numanhan/.m2/repository/com/google/guava/guava/33.1.0-jre/guava-33.1.0-jre.jar:/Users/numanhan/.m2/repository/com/google/guava/failureaccess/1.0.2/failureaccess-1.0.2.jar:/Users/numanhan/.m2/repository/com/google/guava/listenablefuture/9999.0-empty-to-avoid-conflict-with-guava/listenablefuture-9999.0-empty-to-avoid-conflict-with-guava.jar:/Users/numanhan/.m2/repository/com/google/code/findbugs/jsr305/3.0.2/jsr305-3.0.2.jar:/Users/numanhan/.m2/repository/org/checkerframework/checker-qual/3.42.0/checker-qual-3.42.0.jar:/Users/numanhan/.m2/repository/com/google/errorprone/error_prone_annotations/2.26.1/error_prone_annotations-2.26.1.jar:/Users/numanhan/.m2/repository/com/google/j2objc/j2objc-annotations/3.0.0/j2objc-annotations-3.0.0.jar:/Users/numanhan/.m2/repository/io/opentelemetry/semconv/opentelemetry-semconv/1.23.1-alpha/opentelemetry-semconv-1.23.1-alpha.jar:/Users/numanhan/.m2/repository/io/opentelemetry/opentelemetry-api/1.36.0/opentelemetry-api-1.36.0.jar:/Users/numanhan/.m2/repository/io/opentelemetry/opentelemetry-context/1.36.0/opentelemetry-context-1.36.0.jar:/Users/numanhan/.m2/repository/io/opentelemetry/opentelemetry-exporter-logging/1.36.0/opentelemetry-exporter-logging-1.36.0.jar:/Users/numanhan/.m2/repository/io/opentelemetry/opentelemetry-sdk-common/1.36.0/opentelemetry-sdk-common-1.36.0.jar:/Users/numanhan/.m2/repository/io/opentelemetry/opentelemetry-sdk-extension-autoconfigure-spi/1.36.0/opentelemetry-sdk-extension-autoconfigure-spi-1.36.0.jar:/Users/numanhan/.m2/repository/io/opentelemetry/opentelemetry-sdk-extension-autoconfigure/1.36.0/opentelemetry-sdk-extension-autoconfigure-1.36.0.jar:/Users/numanhan/.m2/repository/io/opentelemetry/opentelemetry-api-events/1.36.0-alpha/opentelemetry-api-events-1.36.0-alpha.jar:/Users/numanhan/.m2/repository/io/opentelemetry/opentelemetry-sdk-trace/1.36.0/opentelemetry-sdk-trace-1.36.0.jar:/Users/numanhan/.m2/repository/io/opentelemetry/opentelemetry-extension-incubator/1.36.0-alpha/opentelemetry-extension-incubator-1.36.0-alpha.jar:/Users/numanhan/.m2/repository/io/opentelemetry/opentelemetry-sdk/1.36.0/opentelemetry-sdk-1.36.0.jar:/Users/numanhan/.m2/repository/io/opentelemetry/opentelemetry-sdk-metrics/1.36.0/opentelemetry-sdk-metrics-1.36.0.jar:/Users/numanhan/.m2/repository/io/opentelemetry/opentelemetry-sdk-logs/1.36.0/opentelemetry-sdk-logs-1.36.0.jar:/Users/numanhan/.m2/repository/net/bytebuddy/byte-buddy/1.14.12/byte-buddy-1.14.12.jar:/Users/numanhan/.m2/repository/org/seleniumhq/selenium/selenium-os/4.19.0/selenium-os-4.19.0.jar:/Users/numanhan/.m2/repository/org/apache/commons/commons-exec/1.3/commons-exec-1.3.jar:/Users/numanhan/.m2/repository/org/seleniumhq/selenium/selenium-safari-driver/4.19.0/selenium-safari-driver-4.19.0.jar:/Users/numanhan/.m2/repository/org/seleniumhq/selenium/selenium-support/4.19.0/selenium-support-4.19.0.jar:/Users/numanhan/.m2/repository/io/github/bonigarcia/webdrivermanager/5.8.0/webdrivermanager-5.8.0.jar:/Users/numanhan/.m2/repository/org/slf4j/slf4j-api/2.0.12/slf4j-api-2.0.12.jar:/Users/numanhan/.m2/repository/com/google/code/gson/gson/2.10.1/gson-2.10.1.jar:/Users/numanhan/.m2/repository/com/github/docker-java/docker-java/3.3.6/docker-java-3.3.6.jar:/Users/numanhan/.m2/repository/com/github/docker-java/docker-java-core/3.3.6/docker-java-core-3.3.6.jar:/Users/numanhan/.m2/repository/com/github/docker-java/docker-java-api/3.3.6/docker-java-api-3.3.6.jar:/Users/numanhan/.m2/repository/com/fasterxml/jackson/core/jackson-annotations/2.10.3/jackson-annotations-2.10.3.jar:/Users/numanhan/.m2/repository/com/fasterxml/jackson/core/jackson-databind/2.10.3/jackson-databind-2.10.3.jar:/Users/numanhan/.m2/repository/com/fasterxml/jackson/core/jackson-core/2.10.3/jackson-core-2.10.3.jar:/Users/numanhan/.m2/repository/org/bouncycastle/bcpkix-jdk18on/1.76/bcpkix-jdk18on-1.76.jar:/Users/numanhan/.m2/repository/org/bouncycastle/bcprov-jdk18on/1.76/bcprov-jdk18on-1.76.jar:/Users/numanhan/.m2/repository/org/bouncycastle/bcutil-jdk18on/1.76/bcutil-jdk18on-1.76.jar:/Users/numanhan/.m2/repository/org/slf4j/jcl-over-slf4j/1.7.30/jcl-over-slf4j-1.7.30.jar:/Users/numanhan/.m2/repository/com/github/docker-java/docker-java-transport-httpclient5/3.3.6/docker-java-transport-httpclient5-3.3.6.jar:/Users/numanhan/.m2/repository/com/github/docker-java/docker-java-transport/3.3.6/docker-java-transport-3.3.6.jar:/Users/numanhan/.m2/repository/net/java/dev/jna/jna/5.13.0/jna-5.13.0.jar:/Users/numanhan/.m2/repository/org/brotli/dec/0.1.2/dec-0.1.2.jar:/Users/numanhan/.m2/repository/org/apache/commons/commons-lang3/3.14.0/commons-lang3-3.14.0.jar:/Users/numanhan/.m2/repository/org/apache/commons/commons-compress/1.26.1/commons-compress-1.26.1.jar:/Users/numanhan/.m2/repository/commons-codec/commons-codec/1.16.1/commons-codec-1.16.1.jar:/Users/numanhan/.m2/repository/commons-io/commons-io/2.15.1/commons-io-2.15.1.jar:/Users/numanhan/.m2/repository/org/apache/httpcomponents/client5/httpclient5/5.2.1/httpclient5-5.2.1.jar:/Users/numanhan/.m2/repository/org/apache/httpcomponents/core5/httpcore5/5.2/httpcore5-5.2.jar:/Users/numanhan/.m2/repository/org/apache/httpcomponents/core5/httpcore5-h2/5.2/httpcore5-h2-5.2.jar:/Users/numanhan/.m2/repository/junit/junit/4.13.2/junit-4.13.2.jar:/Users/numanhan/.m2/repository/org/hamcrest/hamcrest-core/1.3/hamcrest-core-1.3.jar:/Users/numanhan/.m2/repository/io/cucumber/cucumber-java/7.14.0/cucumber-java-7.14.0.jar:/Users/numanhan/.m2/repository/org/apiguardian/apiguardian-api/1.1.2/apiguardian-api-1.1.2.jar:/Users/numanhan/.m2/repository/io/cucumber/cucumber-junit/7.14.0/cucumber-junit-7.14.0.jar:/Users/numanhan/.m2/repository/io/cucumber/cucumber-core/7.14.0/cucumber-core-7.14.0.jar:/Users/numanhan/.m2/repository/io/cucumber/cucumber-gherkin/7.14.0/cucumber-gherkin-7.14.0.jar:/Users/numanhan/.m2/repository/io/cucumber/cucumber-gherkin-messages/7.14.0/cucumber-gherkin-messages-7.14.0.jar:/Users/numanhan/.m2/repository/io/cucumber/gherkin/26.2.0/gherkin-26.2.0.jar:/Users/numanhan/.m2/repository/io/cucumber/messages/22.0.0/messages-22.0.0.jar:/Users/numanhan/.m2/repository/io/cucumber/tag-expressions/5.0.6/tag-expressions-5.0.6.jar:/Users/numanhan/.m2/repository/io/cucumber/cucumber-expressions/16.1.2/cucumber-expressions-16.1.2.jar:/Users/numanhan/.m2/repository/io/cucumber/datatable/7.14.0/datatable-7.14.0.jar:/Users/numanhan/.m2/repository/io/cucumber/cucumber-plugin/7.14.0/cucumber-plugin-7.14.0.jar:/Users/numanhan/.m2/repository/io/cucumber/docstring/7.14.0/docstring-7.14.0.jar:/Users/numanhan/.m2/repository/io/cucumber/html-formatter/20.4.0/html-formatter-20.4.0.jar:/Users/numanhan/.m2/repository/io/cucumber/junit-xml-formatter/0.2.0/junit-xml-formatter-0.2.0.jar:/Users/numanhan/.m2/repository/io/cucumber/ci-environment/9.2.0/ci-environment-9.2.0.jar:"/>
    <property name="sun.cpu.endian" value="little"/>
    <property name="user.home" value="/Users/numanhan"/>
    <property name="user.language" value="en"/>
    <property name="java.specification.vendor" value="Oracle Corporation"/>
    <property name="java.version.date" value="2024-01-16"/>
    <property name="java.home" value="/opt/homebrew/Cellar/openjdk/21.0.2/libexec/openjdk.jdk/Contents/Home"/>
    <property name="file.separator" value="/"/>
    <property name="basedir" value="/Users/numanhan/Desktop/btcbitUiAutomation/btcbitUIAutomation"/>
    <property name="java.vm.compressedOopsMode" value="Zero based"/>
    <property name="line.separator" value="&#10;"/>
    <property name="java.vm.specification.vendor" value="Oracle Corporation"/>
    <property name="java.specification.name" value="Java Platform API Specification"/>
    <property name="apple.awt.application.name" value="ForkedBooter"/>
    <property name="surefire.real.class.path" value="/Users/numanhan/Desktop/btcbitUiAutomation/btcbitUIAutomation/target/surefire/surefirebooter-20250226221502086_3.jar"/>
    <property name="sun.management.compiler" value="HotSpot 64-Bit Tiered Compilers"/>
    <property name="ftp.nonProxyHosts" value="local|*.local|169.254/16|*.169.254/16"/>
    <property name="java.runtime.version" value="21.0.2"/>
    <property name="user.name" value="numanhan"/>
    <property name="stdout.encoding" value="UTF-8"/>
    <property name="path.separator" value=":"/>
    <property name="os.version" value="13.2.1"/>
    <property name="java.runtime.name" value="OpenJDK Runtime Environment"/>
    <property name="file.encoding" value="UTF-8"/>
    <property name="java.vm.name" value="OpenJDK 64-Bit Server VM"/>
    <property name="java.vendor.version" value="Homebrew"/>
    <property name="localRepository" value="/Users/numanhan/.m2/repository"/>
    <property name="java.vendor.url.bug" value="https://github.com/Homebrew/homebrew-core/issues"/>
    <property name="java.io.tmpdir" value="/var/folders/l5/1xk9b3914jqdtz9kzsnkz8ph0000gn/T/"/>
    <property name="java.version" value="21.0.2"/>
    <property name="user.dir" value="/Users/numanhan/Desktop/btcbitUiAutomation/btcbitUIAutomation"/>
    <property name="os.arch" value="aarch64"/>
    <property name="java.vm.specification.name" value="Java Virtual Machine Specification"/>
    <property name="native.encoding" value="UTF-8"/>
    <property name="java.library.path" value="/Users/numanhan/Library/Java/Extensions:/Library/Java/Extensions:/Network/Library/Java/Extensions:/System/Library/Java/Extensions:/usr/lib/java:."/>
    <property name="java.vm.info" value="mixed mode, sharing"/>
    <property name="stderr.encoding" value="UTF-8"/>
    <property name="java.vendor" value="Homebrew"/>
    <property name="java.vm.version" value="21.0.2"/>
    <property name="sun.io.unicode.encoding" value="UnicodeBig"/>
    <property name="socksNonProxyHosts" value="local|*.local|169.254/16|*.169.254/16"/>
    <property name="java.class.version" value="65.0"/>
  </properties>
  <testcase name="Verify elements on the Contact page" classname="Contact Page Verification" time="13.688">
    <error message="Expected condition failed: waiting for visibility of element located by By.xpath: //h1[contains(text(), &apos;Contact Us&apos;)] (tried for 10 second(s) with 500 milliseconds interval)&#10;Build info: version: &apos;4.19.0&apos;, revision: &apos;5f9cec8963&apos;&#10;System info: os.name: &apos;Mac OS X&apos;, os.arch: &apos;aarch64&apos;, os.version: &apos;13.2.1&apos;, java.version: &apos;21.0.2&apos;&#10;Driver info: org.openqa.selenium.chrome.ChromeDriver&#10;Capabilities {acceptInsecureCerts: false, browserName: chrome, browserVersion: 133.0.6943.127, chrome: {chromedriverVersion: 133.0.6943.141 (2a5d6da0d61..., userDataDir: /var/folders/l5/1xk9b3914jq...}, fedcm:accounts: true, goog:chromeOptions: {debuggerAddress: localhost:58076}, networkConnectionEnabled: false, pageLoadStrategy: normal, platformName: mac, proxy: Proxy(), se:cdp: ws://localhost:58076/devtoo..., se:cdpVersion: 133.0.6943.127, setWindowRect: true, strictFileInteractability: false, timeouts: {implicit: 0, pageLoad: 300000, script: 30000}, unhandledPromptBehavior: dismiss and notify, webauthn:extension:credBlob: true, webauthn:extension:largeBlob: true, webauthn:extension:minPinLength: true, webauthn:extension:prf: true, webauthn:virtualAuthenticators: true}&#10;Session ID: 0bd6a170bdaddebff66df422b48929a5" type="org.openqa.selenium.TimeoutException"><![CDATA[org.openqa.selenium.TimeoutException: 
Expected condition failed: waiting for visibility of element located by By.xpath: //h1[contains(text(), 'Contact Us')] (tried for 10 second(s) with 500 milliseconds interval)
Build info: version: '4.19.0', revision: '5f9cec8963'
System info: os.name: 'Mac OS X', os.arch: 'aarch64', os.version: '13.2.1', java.version: '21.0.2'
Driver info: org.openqa.selenium.chrome.ChromeDriver
Capabilities {acceptInsecureCerts: false, browserName: chrome, browserVersion: 133.0.6943.127, chrome: {chromedriverVersion: 133.0.6943.141 (2a5d6da0d61..., userDataDir: /var/folders/l5/1xk9b3914jq...}, fedcm:accounts: true, goog:chromeOptions: {debuggerAddress: localhost:58076}, networkConnectionEnabled: false, pageLoadStrategy: normal, platformName: mac, proxy: Proxy(), se:cdp: ws://localhost:58076/devtoo..., se:cdpVersion: 133.0.6943.127, setWindowRect: true, strictFileInteractability: false, timeouts: {implicit: 0, pageLoad: 300000, script: 30000}, unhandledPromptBehavior: dismiss and notify, webauthn:extension:credBlob: true, webauthn:extension:largeBlob: true, webauthn:extension:minPinLength: true, webauthn:extension:prf: true, webauthn:virtualAuthenticators: true}
Session ID: 0bd6a170bdaddebff66df422b48929a5
	at org.openqa.selenium.support.ui.WebDriverWait.timeoutException(WebDriverWait.java:84)
	at org.openqa.selenium.support.ui.FluentWait.until(FluentWait.java:228)
	at pages.ContactsPage.isPageTitleDisplayed(ContactsPage.java:29)
	at stepDefinitions.ContactSteps.the_page_title_should_be_displayed(ContactSteps.java:19)
	at ✽.The page title should be displayed(file:///Users/numanhan/Desktop/btcbitUiAutomation/btcbitUIAutomation/src/test/resources/features/contacts.feature:4)
]]></error>
    <system-out><![CDATA[
Scenario: Verify elements on the Contact page     &amp#27;[90m# src/test/resources/features/contacts.feature:2&amp#27;[0m
  &amp#27;[32mGiven &amp#27;[0m&amp#27;[32mThe user is on the Contact page&amp#27;[0m           &amp#27;[90m# stepDefinitions.ContactSteps.the_user_is_on_the_contact_page()&amp#27;[0m
  &amp#27;[31mThen &amp#27;[0m&amp#27;[31mThe page title should be displayed&amp#27;[0m         &amp#27;[90m# stepDefinitions.ContactSteps.the_page_title_should_be_displayed()&amp#27;[0m
      &amp#27;[31morg.openqa.selenium.TimeoutException: Expected condition failed: waiting for visibility of element located by By.xpath: //h1[contains(text(), 'Contact Us')] (tried for 10 second(s) with 500 milliseconds interval)
Build info: version: '4.19.0', revision: '5f9cec8963'
System info: os.name: 'Mac OS X', os.arch: 'aarch64', os.version: '13.2.1', java.version: '21.0.2'
Driver info: org.openqa.selenium.chrome.ChromeDriver
Capabilities {acceptInsecureCerts: false, browserName: chrome, browserVersion: 133.0.6943.127, chrome: {chromedriverVersion: 133.0.6943.141 (2a5d6da0d61..., userDataDir: /var/folders/l5/1xk9b3914jq...}, fedcm:accounts: true, goog:chromeOptions: {debuggerAddress: localhost:58076}, networkConnectionEnabled: false, pageLoadStrategy: normal, platformName: mac, proxy: Proxy(), se:cdp: ws://localhost:58076/devtoo..., se:cdpVersion: 133.0.6943.127, setWindowRect: true, strictFileInteractability: false, timeouts: {implicit: 0, pageLoad: 300000, script: 30000}, unhandledPromptBehavior: dismiss and notify, webauthn:extension:credBlob: true, webauthn:extension:largeBlob: true, webauthn:extension:minPinLength: true, webauthn:extension:prf: true, webauthn:virtualAuthenticators: true}
Session ID: 0bd6a170bdaddebff66df422b48929a5
	at org.openqa.selenium.support.ui.WebDriverWait.timeoutException(WebDriverWait.java:84)
	at org.openqa.selenium.support.ui.FluentWait.until(FluentWait.java:228)
	at pages.ContactsPage.isPageTitleDisplayed(ContactsPage.java:29)
	at stepDefinitions.ContactSteps.the_page_title_should_be_displayed(ContactSteps.java:19)
	at ✽.The page title should be displayed(file:///Users/numanhan/Desktop/btcbitUiAutomation/btcbitUIAutomation/src/test/resources/features/contacts.feature:4)
&amp#27;[0m
  &amp#27;[36mAnd &amp#27;[0m&amp#27;[36mThe name input field should be displayed&amp#27;[0m    &amp#27;[90m# stepDefinitions.ContactSteps.the_name_input_field_should_be_displayed()&amp#27;[0m
  &amp#27;[36mAnd &amp#27;[0m&amp#27;[36mThe email input field should be displayed&amp#27;[0m   &amp#27;[90m# stepDefinitions.ContactSteps.the_email_input_field_should_be_displayed()&amp#27;[0m
  &amp#27;[36mAnd &amp#27;[0m&amp#27;[36mThe message input field should be displayed&amp#27;[0m &amp#27;[90m# stepDefinitions.ContactSteps.the_message_input_field_should_be_displayed()&amp#27;[0m
  &amp#27;[36mAnd &amp#27;[0m&amp#27;[36mThe submit button should be displayed&amp#27;[0m       &amp#27;[90m# stepDefinitions.ContactSteps.the_submit_button_should_be_displayed()&amp#27;[0m
]]></system-out>
    <system-err><![CDATA[SLF4J(W): No SLF4J providers were found.
SLF4J(W): Defaulting to no-operation (NOP) logger implementation
SLF4J(W): See https://www.slf4j.org/codes.html#noProviders for further details.
Feb 26, 2025 10:15:03 PM org.openqa.selenium.devtools.CdpVersionFinder findNearestMatch
WARNING: Unable to find CDP implementation matching 133
Feb 26, 2025 10:15:03 PM org.openqa.selenium.chromium.ChromiumDriver lambda$new$5
WARNING: Unable to find version of CDP to use for 133.0.6943.127. You may need to include a dependency on a specific version of the CDP using something similar to `org.seleniumhq.selenium:selenium-devtools-v86:4.19.0` where the version ("v86") matches the version of the chromium-based browser you're using and the version number of the artifact is the same as Selenium's.
]]></system-err>
  </testcase>
  <testcase name="User navigates to the login page and logs in" classname="Login" time="6.653">
    <error message="Verify your account for making transactions&#10;Verify" type="java.lang.IllegalArgumentException"><![CDATA[java.lang.IllegalArgumentException: 
Verify your account for making transactions
Verify
	at dev.failsafe.internal.util.Assert.isTrue(Assert.java:29)
	at pages.LoginPage.successfullLogin(LoginPage.java:48)
	at stepDefinitions.LoginSteps.verify_successful_login(LoginSteps.java:32)
	at ✽.User verifies page text(file:///Users/numanhan/Desktop/btcbitUiAutomation/btcbitUIAutomation/src/test/resources/features/login.feature:7)
]]></error>
    <system-out><![CDATA[
Scenario: User navigates to the login page and logs in &amp#27;[90m# src/test/resources/features/login.feature:2&amp#27;[0m
  &amp#27;[32mGiven &amp#27;[0m&amp#27;[32mThe user is on the homepage for login&amp#27;[0m          &amp#27;[90m# stepDefinitions.LoginSteps.the_user_is_on_the_homepage()&amp#27;[0m
  &amp#27;[32mWhen &amp#27;[0m&amp#27;[32mThe user clicks on login button&amp#27;[0m                 &amp#27;[90m# stepDefinitions.LoginSteps.the_user_clicks_login_button()&amp#27;[0m
  &amp#27;[32mThen &amp#27;[0m&amp#27;[32mThe user inputs login credentials&amp#27;[0m               &amp#27;[90m# stepDefinitions.LoginSteps.the_user_input_credentials()&amp#27;[0m
  &amp#27;[32mThen &amp#27;[0m&amp#27;[32mThe user clicks on Sign In&amp#27;[0m                      &amp#27;[90m# stepDefinitions.LoginSteps.the_user_clicks_signin()&amp#27;[0m
  &amp#27;[31mThen &amp#27;[0m&amp#27;[31mUser verifies page text&amp#27;[0m                         &amp#27;[90m# stepDefinitions.LoginSteps.verify_successful_login()&amp#27;[0m
      &amp#27;[31mjava.lang.IllegalArgumentException: Verify your account for making transactions
Verify
	at dev.failsafe.internal.util.Assert.isTrue(Assert.java:29)
	at pages.LoginPage.successfullLogin(LoginPage.java:48)
	at stepDefinitions.LoginSteps.verify_successful_login(LoginSteps.java:32)
	at ✽.User verifies page text(file:///Users/numanhan/Desktop/btcbitUiAutomation/btcbitUIAutomation/src/test/resources/features/login.feature:7)
&amp#27;[0m
]]></system-out>
  </testcase>
  <testcase name="User navigates to the registration page" classname="Registration" time="10.259">
    <error message="no such element: Unable to locate element: {&quot;method&quot;:&quot;xpath&quot;,&quot;selector&quot;:&quot;//a[contains(@class, &apos;header_signup__hsltv&apos;)]&quot;}&#10;  (Session info: chrome=133.0.6943.127)&#10;For documentation on this error, please visit: https://www.selenium.dev/documentation/webdriver/troubleshooting/errors#no-such-element-exception&#10;Build info: version: &apos;4.19.0&apos;, revision: &apos;5f9cec8963&apos;&#10;System info: os.name: &apos;Mac OS X&apos;, os.arch: &apos;aarch64&apos;, os.version: &apos;13.2.1&apos;, java.version: &apos;21.0.2&apos;&#10;Driver info: org.openqa.selenium.chrome.ChromeDriver&#10;Command: [0bd6a170bdaddebff66df422b48929a5, findElement {using=xpath, value=//a[contains(@class, &apos;header_signup__hsltv&apos;)]}]&#10;Capabilities {acceptInsecureCerts: false, browserName: chrome, browserVersion: 133.0.6943.127, chrome: {chromedriverVersion: 133.0.6943.141 (2a5d6da0d61..., userDataDir: /var/folders/l5/1xk9b3914jq...}, fedcm:accounts: true, goog:chromeOptions: {debuggerAddress: localhost:58076}, networkConnectionEnabled: false, pageLoadStrategy: normal, platformName: mac, proxy: Proxy(), se:cdp: ws://localhost:58076/devtoo..., se:cdpVersion: 133.0.6943.127, setWindowRect: true, strictFileInteractability: false, timeouts: {implicit: 0, pageLoad: 300000, script: 30000}, unhandledPromptBehavior: dismiss and notify, webauthn:extension:credBlob: true, webauthn:extension:largeBlob: true, webauthn:extension:minPinLength: true, webauthn:extension:prf: true, webauthn:virtualAuthenticators: true}&#10;Session ID: 0bd6a170bdaddebff66df422b48929a5" type="org.openqa.selenium.NoSuchElementException"><![CDATA[org.openqa.selenium.NoSuchElementException: 
no such element: Unable to locate element: {"method":"xpath","selector":"//a[contains(@class, 'header_signup__hsltv')]"}
  (Session info: chrome=133.0.6943.127)
For documentation on this error, please visit: https://www.selenium.dev/documentation/webdriver/troubleshooting/errors#no-such-element-exception
Build info: version: '4.19.0', revision: '5f9cec8963'
System info: os.name: 'Mac OS X', os.arch: 'aarch64', os.version: '13.2.1', java.version: '21.0.2'
Driver info: org.openqa.selenium.chrome.ChromeDriver
Command: [0bd6a170bdaddebff66df422b48929a5, findElement {using=xpath, value=//a[contains(@class, 'header_signup__hsltv')]}]
Capabilities {acceptInsecureCerts: false, browserName: chrome, browserVersion: 133.0.6943.127, chrome: {chromedriverVersion: 133.0.6943.141 (2a5d6da0d61..., userDataDir: /var/folders/l5/1xk9b3914jq...}, fedcm:accounts: true, goog:chromeOptions: {debuggerAddress: localhost:58076}, networkConnectionEnabled: false, pageLoadStrategy: normal, platformName: mac, proxy: Proxy(), se:cdp: ws://localhost:58076/devtoo..., se:cdpVersion: 133.0.6943.127, setWindowRect: true, strictFileInteractability: false, timeouts: {implicit: 0, pageLoad: 300000, script: 30000}, unhandledPromptBehavior: dismiss and notify, webauthn:extension:credBlob: true, webauthn:extension:largeBlob: true, webauthn:extension:minPinLength: true, webauthn:extension:prf: true, webauthn:virtualAuthenticators: true}
Session ID: 0bd6a170bdaddebff66df422b48929a5
	at java.base/jdk.internal.reflect.DirectConstructorHandleAccessor.newInstance(DirectConstructorHandleAccessor.java:62)
	at java.base/java.lang.reflect.Constructor.newInstanceWithCaller(Constructor.java:502)
	at java.base/java.lang.reflect.Constructor.newInstance(Constructor.java:486)
	at org.openqa.selenium.remote.ErrorCodec.decode(ErrorCodec.java:167)
	at org.openqa.selenium.remote.codec.w3c.W3CHttpResponseCodec.decode(W3CHttpResponseCodec.java:138)
	at org.openqa.selenium.remote.codec.w3c.W3CHttpResponseCodec.decode(W3CHttpResponseCodec.java:50)
	at org.openqa.selenium.remote.HttpCommandExecutor.execute(HttpCommandExecutor.java:190)
	at org.openqa.selenium.remote.service.DriverCommandExecutor.invokeExecute(DriverCommandExecutor.java:216)
	at org.openqa.selenium.remote.service.DriverCommandExecutor.execute(DriverCommandExecutor.java:174)
	at org.openqa.selenium.remote.RemoteWebDriver.execute(RemoteWebDriver.java:518)
	at org.openqa.selenium.remote.ElementLocation$ElementFinder$2.findElement(ElementLocation.java:165)
	at org.openqa.selenium.remote.ElementLocation.findElement(ElementLocation.java:59)
	at org.openqa.selenium.remote.RemoteWebDriver.findElement(RemoteWebDriver.java:355)
	at org.openqa.selenium.remote.RemoteWebDriver.findElement(RemoteWebDriver.java:349)
	at pages.RegistrationPage.clickGetStarted(RegistrationPage.java:23)
	at stepDefinitions.RegistrationSteps.the_user_clicks_on_the_button(RegistrationSteps.java:18)
	at ✽.The user clicks on the "Get Started" button(file:///Users/numanhan/Desktop/btcbitUiAutomation/btcbitUIAutomation/src/test/resources/features/registration.feature:4)
]]></error>
    <system-out><![CDATA[
Scenario: User navigates to the registration page  &amp#27;[90m# src/test/resources/features/registration.feature:2&amp#27;[0m
  &amp#27;[32mGiven &amp#27;[0m&amp#27;[32mThe user is on the homepage&amp#27;[0m                &amp#27;[90m# stepDefinitions.RegistrationSteps.the_user_is_on_the_homepage()&amp#27;[0m
  &amp#27;[31mWhen &amp#27;[0m&amp#27;[31mThe user clicks on the &amp#27;[0m&amp#27;[31m&amp#27;[1m"Get Started"&amp#27;[0m&amp#27;[31m button&amp#27;[0m &amp#27;[90m# stepDefinitions.RegistrationSteps.the_user_clicks_on_the_button(java.lang.String)&amp#27;[0m
      &amp#27;[31morg.openqa.selenium.NoSuchElementException: no such element: Unable to locate element: {"method":"xpath","selector":"//a[contains(@class, 'header_signup__hsltv')]"}
  (Session info: chrome=133.0.6943.127)
For documentation on this error, please visit: https://www.selenium.dev/documentation/webdriver/troubleshooting/errors#no-such-element-exception
Build info: version: '4.19.0', revision: '5f9cec8963'
System info: os.name: 'Mac OS X', os.arch: 'aarch64', os.version: '13.2.1', java.version: '21.0.2'
Driver info: org.openqa.selenium.chrome.ChromeDriver
Command: [0bd6a170bdaddebff66df422b48929a5, findElement {using=xpath, value=//a[contains(@class, 'header_signup__hsltv')]}]
Capabilities {acceptInsecureCerts: false, browserName: chrome, browserVersion: 133.0.6943.127, chrome: {chromedriverVersion: 133.0.6943.141 (2a5d6da0d61..., userDataDir: /var/folders/l5/1xk9b3914jq...}, fedcm:accounts: true, goog:chromeOptions: {debuggerAddress: localhost:58076}, networkConnectionEnabled: false, pageLoadStrategy: normal, platformName: mac, proxy: Proxy(), se:cdp: ws://localhost:58076/devtoo..., se:cdpVersion: 133.0.6943.127, setWindowRect: true, strictFileInteractability: false, timeouts: {implicit: 0, pageLoad: 300000, script: 30000}, unhandledPromptBehavior: dismiss and notify, webauthn:extension:credBlob: true, webauthn:extension:largeBlob: true, webauthn:extension:minPinLength: true, webauthn:extension:prf: true, webauthn:virtualAuthenticators: true}
Session ID: 0bd6a170bdaddebff66df422b48929a5
	at java.base/jdk.internal.reflect.DirectConstructorHandleAccessor.newInstance(DirectConstructorHandleAccessor.java:62)
	at java.base/java.lang.reflect.Constructor.newInstanceWithCaller(Constructor.java:502)
	at java.base/java.lang.reflect.Constructor.newInstance(Constructor.java:486)
	at org.openqa.selenium.remote.ErrorCodec.decode(ErrorCodec.java:167)
	at org.openqa.selenium.remote.codec.w3c.W3CHttpResponseCodec.decode(W3CHttpResponseCodec.java:138)
	at org.openqa.selenium.remote.codec.w3c.W3CHttpResponseCodec.decode(W3CHttpResponseCodec.java:50)
	at org.openqa.selenium.remote.HttpCommandExecutor.execute(HttpCommandExecutor.java:190)
	at org.openqa.selenium.remote.service.DriverCommandExecutor.invokeExecute(DriverCommandExecutor.java:216)
	at org.openqa.selenium.remote.service.DriverCommandExecutor.execute(DriverCommandExecutor.java:174)
	at org.openqa.selenium.remote.RemoteWebDriver.execute(RemoteWebDriver.java:518)
	at org.openqa.selenium.remote.ElementLocation$ElementFinder$2.findElement(ElementLocation.java:165)
	at org.openqa.selenium.remote.ElementLocation.findElement(ElementLocation.java:59)
	at org.openqa.selenium.remote.RemoteWebDriver.findElement(RemoteWebDriver.java:355)
	at org.openqa.selenium.remote.RemoteWebDriver.findElement(RemoteWebDriver.java:349)
	at pages.RegistrationPage.clickGetStarted(RegistrationPage.java:23)
	at stepDefinitions.RegistrationSteps.the_user_clicks_on_the_button(RegistrationSteps.java:18)
	at ✽.The user clicks on the "Get Started" button(file:///Users/numanhan/Desktop/btcbitUiAutomation/btcbitUIAutomation/src/test/resources/features/registration.feature:4)
&amp#27;[0m
  &amp#27;[36mThen &amp#27;[0m&amp#27;[36mThe user fill the credentials&amp#27;[0m               &amp#27;[90m# stepDefinitions.RegistrationSteps.the_user_fill_the_credentials()&amp#27;[0m
  &amp#27;[36mAnd &amp#27;[0m&amp#27;[36mThe user clicks on agreement&amp#27;[0m                 &amp#27;[90m# stepDefinitions.RegistrationSteps.the_user_accepts_agreement()&amp#27;[0m
  &amp#27;[36mThen &amp#27;[0m&amp#27;[36mThe user clicks signup button&amp#27;[0m               &amp#27;[90m# stepDefinitions.RegistrationSteps.the_user_signedup()&amp#27;[0m
]]></system-out>
  </testcase>
</testsuite>